#
# There is insufficient memory for the Java Runtime Environment to continue.
# Native memory allocation (malloc) failed to allocate 1048576 bytes for AllocateHeap
# Possible reasons:
#   The system is out of physical RAM or swap space
#   In 32 bit mode, the process size limit was hit
# Possible solutions:
#   Reduce memory load on the system
#   Increase physical memory or swap space
#   Check if swap backing store is full
#   Use 64 bit Java on a 64 bit OS
#   Decrease Java heap size (-Xmx/-Xms)
#   Decrease number of Java threads
#   Decrease Java thread stack sizes (-Xss)
#   Set larger code cache with -XX:ReservedCodeCacheSize=
# This output file may be truncated or incomplete.
#
#  Out of Memory Error (memory/allocation.inline.hpp:61), pid=40808, tid=0x0000000000004c20
#
# JRE version:  (8.0_191-b12) (build )
# Java VM: Java HotSpot(TM) 64-Bit Server VM (25.191-b12 mixed mode windows-amd64 compressed oops)
# Failed to write core dump. Minidumps are not enabled by default on client versions of Windows
#

---------------  T H R E A D  ---------------

Current thread (0x0000000003002000):  JavaThread "Unknown thread" [_thread_in_vm, id=19488, stack(0x0000000002e60000,0x0000000002f60000)]

Stack: [0x0000000002e60000,0x0000000002f60000]
[error occurred during error reporting (printing stack bounds), id 0xc0000005]

Native frames: (J=compiled Java code, j=interpreted, Vv=VM code, C=native code)


---------------  P R O C E S S  ---------------

Java Threads: ( => current thread )

Other Threads:

=>0x0000000003002000 (exited) JavaThread "Unknown thread" [_thread_in_vm, id=19488, stack(0x0000000002e60000,0x0000000002f60000)]

VM state:not at safepoint (normal execution)

VM Mutex/Monitor currently owned by a thread: None

Heap:
 PSYoungGen      total 75776K, used 1300K [0x000000076b800000, 0x0000000770c80000, 0x00000007c0000000)
  eden space 65024K, 2% used [0x000000076b800000,0x000000076b9451f8,0x000000076f780000)
  from space 10752K, 0% used [0x0000000770200000,0x0000000770200000,0x0000000770c80000)
  to   space 10752K, 0% used [0x000000076f780000,0x000000076f780000,0x0000000770200000)
 ParOldGen       total 173568K, used 0K [0x00000006c2800000, 0x00000006cd180000, 0x000000076b800000)
  object space 173568K, 0% used [0x00000006c2800000,0x00000006c2800000,0x00000006cd180000)
 Metaspace       used 775K, capacity 4480K, committed 4480K, reserved 1056768K
  class space    used 76K, capacity 384K, committed 384K, reserved 1048576K

Card table byte_map: [0x00000000125f0000,0x0000000012de0000] byte_map_base: 0x000000000efdc000

Marking Bits: (ParMarkBitMap*) 0x00000000579c3e30
 Begin Bits: [0x0000000013b30000, 0x0000000017a90000)
 End Bits:   [0x0000000017a90000, 0x000000001b9f0000)

Polling page: 0x0000000001320000

CodeCache: size=245760Kb used=328Kb max_used=328Kb free=245431Kb
 bounds [0x0000000003230000, 0x00000000034a0000, 0x0000000012230000]
 total_blobs=58 nmethods=0 adapters=38
 compilation: enabled

Compilation events (0 events):
No events

GC Heap History (0 events):
No events

Deoptimization events (0 events):
No events

Classes redefined (0 events):
No events

Internal exceptions (0 events):
No events

Events (10 events):
Event: 0.034 loading class java/lang/Short
Event: 0.035 loading class java/lang/Short done
Event: 0.035 loading class java/lang/Integer
Event: 0.035 loading class java/lang/Integer done
Event: 0.035 loading class java/lang/Long
Event: 0.035 loading class java/lang/Long done
Event: 0.037 loading class java/lang/NullPointerException
Event: 0.037 loading class java/lang/NullPointerException done
Event: 0.037 loading class java/lang/ArithmeticException
Event: 0.037 loading class java/lang/ArithmeticException done


Dynamic libraries:
0x00007ff75dfb0000 - 0x00007ff75dfe7000 	D:\develop\java\jdk\bin\java.exe
0x00007ffe445b0000 - 0x00007ffe447a5000 	C:\Windows\SYSTEM32\ntdll.dll
0x00007ffe43330000 - 0x00007ffe433ed000 	C:\Windows\System32\KERNEL32.DLL
0x00007ffe42060000 - 0x00007ffe42329000 	C:\Windows\System32\KERNELBASE.dll
0x00007ffe3ef60000 - 0x00007ffe3eff0000 	C:\Windows\SYSTEM32\apphelp.dll
0x00007ffe431e0000 - 0x00007ffe4328c000 	C:\Windows\System32\ADVAPI32.dll
0x00007ffe43290000 - 0x00007ffe4332e000 	C:\Windows\System32\msvcrt.dll
0x00007ffe42c60000 - 0x00007ffe42cfc000 	C:\Windows\System32\sechost.dll
0x00007ffe42e20000 - 0x00007ffe42f4b000 	C:\Windows\System32\RPCRT4.dll
0x00007ffe42f50000 - 0x00007ffe430f0000 	C:\Windows\System32\USER32.dll
0x00007ffe41cf0000 - 0x00007ffe41d12000 	C:\Windows\System32\win32u.dll
0x00007ffe43150000 - 0x00007ffe4317a000 	C:\Windows\System32\GDI32.dll
0x00007ffe42500000 - 0x00007ffe4260b000 	C:\Windows\System32\gdi32full.dll
0x00007ffe42330000 - 0x00007ffe423cd000 	C:\Windows\System32\msvcp_win.dll
0x00007ffe41d20000 - 0x00007ffe41e20000 	C:\Windows\System32\ucrtbase.dll
0x00007ffe31540000 - 0x00007ffe317da000 	C:\Windows\WinSxS\amd64_microsoft.windows.common-controls_6595b64144ccf1df_6.0.19041.844_none_ca00b6081b84eb1d\COMCTL32.dll
0x00007ffe443d0000 - 0x00007ffe44400000 	C:\Windows\System32\IMM32.DLL
0x00000000581c0000 - 0x0000000058292000 	D:\develop\java\jdk\jre\bin\msvcr100.dll
0x00000000571a0000 - 0x0000000057a44000 	D:\develop\java\jdk\jre\bin\server\jvm.dll
0x00007ffe42c50000 - 0x00007ffe42c58000 	C:\Windows\System32\PSAPI.DLL
0x00007ffe3ec60000 - 0x00007ffe3ec69000 	C:\Windows\SYSTEM32\WSOCK32.dll
0x00007ffe3d330000 - 0x00007ffe3d357000 	C:\Windows\SYSTEM32\WINMM.dll
0x00007ffe442b0000 - 0x00007ffe4431b000 	C:\Windows\System32\WS2_32.dll
0x00007ffe404d0000 - 0x00007ffe404da000 	C:\Windows\SYSTEM32\VERSION.dll
0x00000000581b0000 - 0x00000000581bf000 	D:\develop\java\jdk\jre\bin\verify.dll
0x0000000058180000 - 0x00000000581a9000 	D:\develop\java\jdk\jre\bin\java.dll
0x0000000057f00000 - 0x0000000057f23000 	D:\develop\java\jdk\jre\bin\instrument.dll
0x0000000058160000 - 0x0000000058176000 	D:\develop\java\jdk\jre\bin\zip.dll

VM Arguments:
jvm_args: -XX:TieredStopAtLevel=1 -Xverify:none -Dspring.output.ansi.enabled=always -Dcom.sun.management.jmxremote -Dspring.jmx.enabled=true -Dspring.liveBeansView.mbeanDomain -Dspring.application.admin.enabled=true -javaagent:D:\develop\IntelliJ IDEA 2020.2.3\lib\idea_rt.jar=59737:D:\develop\IntelliJ IDEA 2020.2.3\bin -Dfile.encoding=UTF-8 
java_command: com.hongna.community.CommnityApplication
java_class_path (initial): D:\develop\java\jdk\jre\lib\charsets.jar;D:\develop\java\jdk\jre\lib\deploy.jar;D:\develop\java\jdk\jre\lib\ext\access-bridge-64.jar;D:\develop\java\jdk\jre\lib\ext\cldrdata.jar;D:\develop\java\jdk\jre\lib\ext\dnsns.jar;D:\develop\java\jdk\jre\lib\ext\jaccess.jar;D:\develop\java\jdk\jre\lib\ext\jfxrt.jar;D:\develop\java\jdk\jre\lib\ext\localedata.jar;D:\develop\java\jdk\jre\lib\ext\nashorn.jar;D:\develop\java\jdk\jre\lib\ext\sunec.jar;D:\develop\java\jdk\jre\lib\ext\sunjce_provider.jar;D:\develop\java\jdk\jre\lib\ext\sunmscapi.jar;D:\develop\java\jdk\jre\lib\ext\sunpkcs11.jar;D:\develop\java\jdk\jre\lib\ext\zipfs.jar;D:\develop\java\jdk\jre\lib\javaws.jar;D:\develop\java\jdk\jre\lib\jce.jar;D:\develop\java\jdk\jre\lib\jfr.jar;D:\develop\java\jdk\jre\lib\jfxswt.jar;D:\develop\java\jdk\jre\lib\jsse.jar;D:\develop\java\jdk\jre\lib\management-agent.jar;D:\develop\java\jdk\jre\lib\plugin.jar;D:\develop\java\jdk\jre\lib\resources.jar;D:\develop\java\jdk\jre\lib\rt.jar;D:\IdeaSpace\communityTest\target\classes;D:\develop\maven_repository\org\springframework\boot\spring-boot-starter-aop\2.1.5.RELEASE\spring-boot-starter-aop-2.1.5.RELEASE.jar;D:\develop\maven_repository\org\springframework\boot\spring-boot-starter\2.1.5.RELEASE\spring-boot-starter-2.1.5.RELEASE.jar;D:\develop\maven_repository\org\springframework\boot\spring-boot-starter-logging\2.1.5.RELEASE\spring-boot-starter-logging-2.1.5.RELEASE.jar;D:\develop\maven_repository\ch\qos\logback\logback-classic\1.2.3\logback-classic-1.2.3.jar;D:\develop\maven_repository\ch\qos\logback\logback-core\1.2.3\logback-core-1.2.3.jar;D:\develop\maven_repository\org\apache\logging\log4j\log4j-to-slf4j\2.11.2\log4j-to-slf4j-2.11.2.jar;D:\develop\maven_repository\org\apache\logging\log4j\log4j-api\2.11.2\log4j-api-2.11.2.jar;D:\develop\maven_repository\org\slf4j\jul-to-slf4j\1.7.26\jul-to-slf4j-1.7.26.jar;D:\develop\maven_repository\javax\annotation\javax.annotation-api\1.3.2\javax.annotation-api-1.3.2.jar;
Launcher Type: SUN_STANDARD

Environment Variables:
JAVA_HOME=D:\develop\java\jdk
CLASSPATH=.;D:\develop\java\jdk\lib;D:\develop\java\jdk\lib\dt.jar;D:\develop\java\jdk\lib\tools.jar;D:\develop\apache-jmeter-5.4.1\apache-jmeter-5.4.1\lib\ext\ApacheJMeter_core.jar;D:\develop\apache-jmeter-5.4.1\apache-jmeter-5.4.1\lib\jorphan.jar;D:\develop\apache-jmeter-5.4.1\apache-jmeter-5.4.1\lib\logkit-2.0.jar;
PATH=D:\develop\virtual environment\xshell\;D:\develop\virtual environment\xftp\;C:\Program Files (x86)\Common Files\Oracle\Java\javapath;C:\Windows\system32;C:\Windows;C:\Windows\System32\Wbem;C:\Windows\System32\WindowsPowerShell\v1.0\;C:\Windows\System32\OpenSSH\;C:\Program Files (x86)\NVIDIA Corporation\PhysX\Common;D:\develop\sql\bin;D:\develop\java\jdk\bin;D:\develop\java\jdk\jre\bin;D:\develop\dataSql\Mysql\bin;D:\develop\apache-maven-3.5.2\bin;D:\develop\NodeJS\;D:\develop\redis\;D:\develop\Git\bin;C:\Program Files\TortoiseGit\bin;D:\develop\erl9.2\bin;D:\develop\elasticsearch-6.4.3\elasticsearch-6.4.3\bin;C:\Users\a1073\AppData\Local\Microsoft\WindowsApps;D:\App\Microsoft VS Code\bin;C:\Users\a1073\AppData\Roaming\npm;C:\Users\a1073\AppData\Local\GitHubDesktop\bin;C:\Users\a1073\AppData\Local\gitkraken\bin;D:\App\Diffuse
USERNAME=a1073
OS=Windows_NT
PROCESSOR_IDENTIFIER=Intel64 Family 6 Model 165 Stepping 2, GenuineIntel



---------------  S Y S T E M  ---------------

OS: Windows 10.0 , 64 bit Build 19041 (10.0.19041.804)

CPU:total 8 (initial active 8) (4 cores per cpu, 2 threads per core) family 6 model 165 stepping 2, cmov, cx8, fxsr, mmx, sse, sse2, sse3, ssse3, sse4.1, sse4.2, popcnt, avx, avx2, aes, clmul, erms, 3dnowpref, lzcnt, ht, tsc, tscinvbit, bmi1, bmi2, adx

Memory: 4k page, physical 16611712k(7523468k free), swap 29719804k(6168k free)

vm_info: Java HotSpot(TM) 64-Bit Server VM (25.191-b12) for windows-amd64 JRE (1.8.0_191-b12), built on Oct  6 2018 09:29:03 by "java_re" with MS VC++ 10.0 (VS2010)

time: Wed Mar 31 17:52:40 2021
elapsed time: 0 seconds (0d 0h 0m 0s)

